#
# There is insufficient memory for the Java Runtime Environment to continue.
# Native memory allocation (malloc) failed to allocate 2095312 bytes for Chunk::new
# Possible reasons:
#   The system is out of physical RAM or swap space
#   The process is running with CompressedOops enabled, and the Java Heap may be blocking the growth of the native heap
# Possible solutions:
#   Reduce memory load on the system
#   Increase physical memory or swap space
#   Check if swap backing store is full
#   Decrease Java heap size (-Xmx/-Xms)
#   Decrease number of Java threads
#   Decrease Java thread stack sizes (-Xss)
#   Set larger code cache with -XX:ReservedCodeCacheSize=
#   JVM is running with Unscaled Compressed Oops mode in which the Java heap is
#     placed in the first 4GB address space. The Java Heap base address is the
#     maximum limit for the native heap growth. Please use -XX:HeapBaseMinAddress
#     to set the Java Heap base and to place the Java Heap above 4GB virtual address.
# This output file may be truncated or incomplete.
#
#  Out of Memory Error (allocation.cpp:389), pid=10020, tid=0x0000000000003874
#
# JRE version: Java(TM) SE Runtime Environment (8.0_221-b11) (build 1.8.0_221-b11)
# Java VM: Java HotSpot(TM) 64-Bit Server VM (25.221-b11 mixed mode windows-amd64 compressed oops)
# Failed to write core dump. Minidumps are not enabled by default on client versions of Windows
#

---------------  T H R E A D  ---------------

Current thread (0x0000000017b55000):  JavaThread "C2 CompilerThread1" daemon [_thread_in_native, id=14452, stack(0x00000000192d0000,0x00000000193d0000)]

Stack: [0x00000000192d0000,0x00000000193d0000]
[error occurred during error reporting (printing stack bounds), id 0xc0000005]

Native frames: (J=compiled Java code, j=interpreted, Vv=VM code, C=native code)


Current CompileTask:
C2:   3660 1526   !   4       java.net.URLClassLoader$1::run (63 bytes)


---------------  P R O C E S S  ---------------

Java Threads: ( => current thread )
  0x0000000017bad800 JavaThread "Service Thread" daemon [_thread_blocked, id=8768, stack(0x00000000198d0000,0x00000000199d0000)]
  0x0000000017b5e000 JavaThread "C1 CompilerThread2" daemon [_thread_in_native, id=6480, stack(0x00000000193d0000,0x00000000194d0000)]
=>0x0000000017b55000 JavaThread "C2 CompilerThread1" daemon [_thread_in_native, id=14452, stack(0x00000000192d0000,0x00000000193d0000)]
  0x0000000017b52800 JavaThread "C2 CompilerThread0" daemon [_thread_in_native, id=11472, stack(0x00000000191d0000,0x00000000192d0000)]
  0x0000000017b4f800 JavaThread "Attach Listener" daemon [_thread_blocked, id=7288, stack(0x00000000190d0000,0x00000000191d0000)]
  0x0000000017b4c800 JavaThread "Signal Dispatcher" daemon [_thread_blocked, id=9096, stack(0x0000000018fd0000,0x00000000190d0000)]
  0x00000000030dc000 JavaThread "Finalizer" daemon [_thread_blocked, id=8460, stack(0x0000000018dc0000,0x0000000018ec0000)]
  0x0000000017b3a000 JavaThread "Reference Handler" daemon [_thread_blocked, id=9656, stack(0x0000000018cc0000,0x0000000018dc0000)]
  0x0000000002fe2800 JavaThread "main" [_thread_in_Java, id=12372, stack(0x0000000002ee0000,0x0000000002fe0000)]

Other Threads:
  0x0000000017b18800 VMThread [stack: 0x0000000018bc0000,0x0000000018cc0000] [id=14776]
  0x0000000017bae800 WatcherThread [stack: 0x0000000019b30000,0x0000000019c30000] [id=11696]

VM state:not at safepoint (normal execution)

VM Mutex/Monitor currently owned by a thread: None

heap address: 0x0000000083400000, size: 1996 MB, Compressed Oops mode: 32-bit
Narrow klass base: 0x0000000000000000, Narrow klass shift: 3
Compressed class space size: 1073741824 Address: 0x0000000100000000

Heap:
 PSYoungGen      total 37888K, used 28108K [0x00000000d6700000, 0x00000000db100000, 0x0000000100000000)
  eden space 32768K, 70% used [0x00000000d6700000,0x00000000d7d76750,0x00000000d8700000)
  from space 5120K, 99% used [0x00000000d8c00000,0x00000000d90fc8f0,0x00000000d9100000)
  to   space 5120K, 0% used [0x00000000d8700000,0x00000000d8700000,0x00000000d8c00000)
 ParOldGen       total 86016K, used 2316K [0x0000000083400000, 0x0000000088800000, 0x00000000d6700000)
  object space 86016K, 2% used [0x0000000083400000,0x0000000083643058,0x0000000088800000)
 Metaspace       used 16204K, capacity 16508K, committed 16768K, reserved 1064960K
  class space    used 2004K, capacity 2079K, committed 2176K, reserved 1048576K

Card table byte_map: [0x00000000124a0000,0x0000000012890000] byte_map_base: 0x0000000012086000

Marking Bits: (ParMarkBitMap*) 0x0000000066095ce0
 Begin Bits: [0x0000000012f30000, 0x0000000014e60000)
 End Bits:   [0x0000000014e60000, 0x0000000016d90000)

Polling page: 0x0000000002d50000

CodeCache: size=245760Kb used=5959Kb max_used=5959Kb free=239801Kb
 bounds [0x00000000030e0000, 0x00000000036c0000, 0x00000000120e0000]
 total_blobs=2098 nmethods=1747 adapters=263
 compilation: enabled

Compilation events (10 events):
Event: 3.645 Thread 0x0000000017b5e000 1746       3       sun.nio.fs.WindowsPathParser::isSlash (18 bytes)
Event: 3.646 Thread 0x0000000017b5e000 nmethod 1746 0x00000000036ae510 code [0x00000000036ae660, 0x00000000036ae830]
Event: 3.646 Thread 0x0000000017b5e000 1747       3       java.net.URI$Parser::scan (50 bytes)
Event: 3.647 Thread 0x0000000017b5e000 nmethod 1747 0x00000000036ae890 code [0x00000000036aea60, 0x00000000036af328]
Event: 3.647 Thread 0x0000000017b5e000 1748       3       sun.nio.fs.WindowsPathParser::isInvalidPathChar (22 bytes)
Event: 3.647 Thread 0x0000000017b5e000 nmethod 1748 0x00000000036afb90 code [0x00000000036afd00, 0x00000000036b0068]
Event: 3.649 Thread 0x0000000017b5e000 1750       3       java.security.Provider::checkInitialized (16 bytes)
Event: 3.649 Thread 0x0000000017b5e000 nmethod 1750 0x00000000036b0150 code [0x00000000036b02c0, 0x00000000036b0508]
Event: 3.650 Thread 0x0000000017b5e000 1751       3       sun.security.provider.ByteArrayAccess::b2iBig64 (614 bytes)
Event: 3.652 Thread 0x0000000017b5e000 nmethod 1751 0x00000000036b0610 code [0x00000000036b0820, 0x00000000036b15e8]

GC Heap History (4 events):
Event: 1.181 GC heap before
{Heap before GC invocations=1 (full 0):
 PSYoungGen      total 37888K, used 32768K [0x00000000d6700000, 0x00000000d9100000, 0x0000000100000000)
  eden space 32768K, 100% used [0x00000000d6700000,0x00000000d8700000,0x00000000d8700000)
  from space 5120K, 0% used [0x00000000d8c00000,0x00000000d8c00000,0x00000000d9100000)
  to   space 5120K, 0% used [0x00000000d8700000,0x00000000d8700000,0x00000000d8c00000)
 ParOldGen       total 86016K, used 0K [0x0000000083400000, 0x0000000088800000, 0x00000000d6700000)
  object space 86016K, 0% used [0x0000000083400000,0x0000000083400000,0x0000000088800000)
 Metaspace       used 7946K, capacity 8136K, committed 8320K, reserved 1056768K
  class space    used 993K, capacity 1052K, committed 1152K, reserved 1048576K
Event: 1.191 GC heap after
Heap after GC invocations=1 (full 0):
 PSYoungGen      total 37888K, used 4899K [0x00000000d6700000, 0x00000000d9100000, 0x0000000100000000)
  eden space 32768K, 0% used [0x00000000d6700000,0x00000000d6700000,0x00000000d8700000)
  from space 5120K, 95% used [0x00000000d8700000,0x00000000d8bc8ed8,0x00000000d8c00000)
  to   space 5120K, 0% used [0x00000000d8c00000,0x00000000d8c00000,0x00000000d9100000)
 ParOldGen       total 86016K, used 16K [0x0000000083400000, 0x0000000088800000, 0x00000000d6700000)
  object space 86016K, 0% used [0x0000000083400000,0x0000000083404000,0x0000000088800000)
 Metaspace       used 7946K, capacity 8136K, committed 8320K, reserved 1056768K
  class space    used 993K, capacity 1052K, committed 1152K, reserved 1048576K
}
Event: 2.275 GC heap before
{Heap before GC invocations=2 (full 0):
 PSYoungGen      total 37888K, used 37667K [0x00000000d6700000, 0x00000000d9100000, 0x0000000100000000)
  eden space 32768K, 100% used [0x00000000d6700000,0x00000000d8700000,0x00000000d8700000)
  from space 5120K, 95% used [0x00000000d8700000,0x00000000d8bc8ed8,0x00000000d8c00000)
  to   space 5120K, 0% used [0x00000000d8c00000,0x00000000d8c00000,0x00000000d9100000)
 ParOldGen       total 86016K, used 16K [0x0000000083400000, 0x0000000088800000, 0x00000000d6700000)
  object space 86016K, 0% used [0x0000000083400000,0x0000000083404000,0x0000000088800000)
 Metaspace       used 11937K, capacity 12136K, committed 12416K, reserved 1060864K
  class space    used 1523K, capacity 1611K, committed 1664K, reserved 1048576K
Event: 2.295 GC heap after
Heap after GC invocations=2 (full 0):
 PSYoungGen      total 37888K, used 5106K [0x00000000d6700000, 0x00000000db100000, 0x0000000100000000)
  eden space 32768K, 0% used [0x00000000d6700000,0x00000000d6700000,0x00000000d8700000)
  from space 5120K, 99% used [0x00000000d8c00000,0x00000000d90fc8f0,0x00000000d9100000)
  to   space 5120K, 0% used [0x00000000d8700000,0x00000000d8700000,0x00000000d8c00000)
 ParOldGen       total 86016K, used 2316K [0x0000000083400000, 0x0000000088800000, 0x00000000d6700000)
  object space 86016K, 2% used [0x0000000083400000,0x0000000083643058,0x0000000088800000)
 Metaspace       used 11937K, capacity 12136K, committed 12416K, reserved 1060864K
  class space    used 1523K, capacity 1611K, committed 1664K, reserved 1048576K
}

Deoptimization events (10 events):
Event: 2.742 Thread 0x0000000002fe2800 Uncommon trap: reason=unstable_if action=reinterpret pc=0x00000000033bfca8 method=org.codehaus.plexus.util.xml.pull.MXParser.parseStartTag()I @ 443
Event: 2.984 Thread 0x0000000002fe2800 Uncommon trap: reason=unstable_if action=reinterpret pc=0x00000000032a6314 method=java.lang.String.replace(CC)Ljava/lang/String; @ 2
Event: 3.199 Thread 0x0000000002fe2800 Uncommon trap: reason=unstable_if action=reinterpret pc=0x000000000336c644 method=sun.nio.cs.UTF_8$Decoder.decode([BII[C)I @ 30
Event: 3.221 Thread 0x0000000002fe2800 Uncommon trap: reason=unstable_if action=reinterpret pc=0x0000000003382a38 method=sun.nio.cs.UTF_8$Decoder.decodeArrayLoop(Ljava/nio/ByteBuffer;Ljava/nio/CharBuffer;)Ljava/nio/charset/CoderResult; @ 84
Event: 3.354 Thread 0x0000000002fe2800 Uncommon trap: reason=unstable_if action=reinterpret pc=0x0000000003380dfc method=java.util.HashMap.hash(Ljava/lang/Object;)I @ 1
Event: 3.354 Thread 0x0000000002fe2800 Uncommon trap: reason=unstable_if action=reinterpret pc=0x000000000345f368 method=java.util.HashMap.hash(Ljava/lang/Object;)I @ 1
Event: 3.355 Thread 0x0000000002fe2800 Uncommon trap: reason=unstable_if action=reinterpret pc=0x000000000340a620 method=java.util.HashMap.hash(Ljava/lang/Object;)I @ 1
Event: 3.436 Thread 0x0000000002fe2800 Uncommon trap: reason=unstable_if action=reinterpret pc=0x00000000033278c4 method=java.util.HashMap.getNode(ILjava/lang/Object;)Ljava/util/HashMap$Node; @ 53
Event: 3.581 Thread 0x0000000002fe2800 Uncommon trap: reason=unstable_if action=reinterpret pc=0x000000000341b798 method=java.util.HashMap.putVal(ILjava/lang/Object;Ljava/lang/Object;ZZ)Ljava/lang/Object; @ 236
Event: 3.614 Thread 0x0000000002fe2800 Uncommon trap: reason=unstable_if action=reinterpret pc=0x0000000003400ffc method=java.lang.CharacterDataLatin1.isWhitespace(I)Z @ 14

Classes redefined (0 events):
No events

Internal exceptions (10 events):
Event: 3.458 Thread 0x0000000002fe2800 Exception <a 'java/lang/NullPointerException'> (0x00000000d7a76438) thrown at [C:\re\workspace\8-2-build-windows-amd64-cygwin\jdk8u221\13320\hotspot\src\share\vm\interpreter\linkResolver.cpp, line 1185]
Event: 3.458 Thread 0x0000000002fe2800 Exception <a 'java/lang/NullPointerException'> (0x00000000d7a76838) thrown at [C:\re\workspace\8-2-build-windows-amd64-cygwin\jdk8u221\13320\hotspot\src\share\vm\interpreter\linkResolver.cpp, line 1185]
Event: 3.459 Thread 0x0000000002fe2800 Exception <a 'java/lang/NullPointerException'> (0x00000000d7a76c38) thrown at [C:\re\workspace\8-2-build-windows-amd64-cygwin\jdk8u221\13320\hotspot\src\share\vm\interpreter\linkResolver.cpp, line 1185]
Event: 3.466 Thread 0x0000000002fe2800 Exception <a 'java/lang/NullPointerException'> (0x00000000d7ab7840) thrown at [C:\re\workspace\8-2-build-windows-amd64-cygwin\jdk8u221\13320\hotspot\src\share\vm\interpreter\linkResolver.cpp, line 1185]
Event: 3.466 Thread 0x0000000002fe2800 Exception <a 'java/lang/NullPointerException'> (0x00000000d7ab7c40) thrown at [C:\re\workspace\8-2-build-windows-amd64-cygwin\jdk8u221\13320\hotspot\src\share\vm\interpreter\linkResolver.cpp, line 1185]
Event: 3.466 Thread 0x0000000002fe2800 Exception <a 'java/lang/NullPointerException'> (0x00000000d7ab8040) thrown at [C:\re\workspace\8-2-build-windows-amd64-cygwin\jdk8u221\13320\hotspot\src\share\vm\interpreter\linkResolver.cpp, line 1185]
Event: 3.471 Thread 0x0000000002fe2800 Exception <a 'java/lang/NullPointerException'> (0x00000000d7ae18c8) thrown at [C:\re\workspace\8-2-build-windows-amd64-cygwin\jdk8u221\13320\hotspot\src\share\vm\interpreter\linkResolver.cpp, line 1185]
Event: 3.471 Thread 0x0000000002fe2800 Exception <a 'java/lang/NullPointerException'> (0x00000000d7ae1cc8) thrown at [C:\re\workspace\8-2-build-windows-amd64-cygwin\jdk8u221\13320\hotspot\src\share\vm\interpreter\linkResolver.cpp, line 1185]
Event: 3.471 Thread 0x0000000002fe2800 Exception <a 'java/lang/NullPointerException'> (0x00000000d7ae20c8) thrown at [C:\re\workspace\8-2-build-windows-amd64-cygwin\jdk8u221\13320\hotspot\src\share\vm\interpreter\linkResolver.cpp, line 1185]
Event: 3.539 Thread 0x0000000002fe2800 Exception <a 'java/lang/NoClassDefFoundError': org/apache/log4j/Category> (0x00000000d7c322f0) thrown at [C:\re\workspace\8-2-build-windows-amd64-cygwin\jdk8u221\13320\hotspot\src\share\vm\classfile\systemDictionary.cpp, line 199]

Events (10 events):
Event: 3.654 loading class java/security/spec/ECFieldFp
Event: 3.654 loading class java/security/spec/ECFieldFp done
Event: 3.654 loading class java/security/spec/EllipticCurve
Event: 3.654 loading class java/security/spec/EllipticCurve done
Event: 3.655 loading class java/security/spec/ECPoint
Event: 3.655 loading class java/security/spec/ECPoint done
Event: 3.655 loading class sun/security/ec/NamedCurve
Event: 3.655 loading class sun/security/ec/NamedCurve done
Event: 3.655 loading class java/security/spec/ECParameterSpec
Event: 3.656 loading class java/security/spec/ECParameterSpec done


Dynamic libraries:
0x00007ff64e2c0000 - 0x00007ff64e2f7000 	C:\Program Files\Java\jdk1.8.0_221\bin\java.exe
0x00007ffd04ab0000 - 0x00007ffd04ca5000 	C:\WINDOWS\SYSTEM32\ntdll.dll
0x00007ffd039c0000 - 0x00007ffd03a7e000 	C:\WINDOWS\System32\KERNEL32.DLL
0x00007ffd02260000 - 0x00007ffd02528000 	C:\WINDOWS\System32\KERNELBASE.dll
0x00007ffd03910000 - 0x00007ffd039bc000 	C:\WINDOWS\System32\ADVAPI32.dll
0x00007ffd03ef0000 - 0x00007ffd03f8e000 	C:\WINDOWS\System32\msvcrt.dll
0x00007ffd036b0000 - 0x00007ffd0374b000 	C:\WINDOWS\System32\sechost.dll
0x00007ffd03c30000 - 0x00007ffd03d5a000 	C:\WINDOWS\System32\RPCRT4.dll
0x00007ffd03a80000 - 0x00007ffd03c21000 	C:\WINDOWS\System32\USER32.dll
0x00007ffd02230000 - 0x00007ffd02252000 	C:\WINDOWS\System32\win32u.dll
0x00007ffd033f0000 - 0x00007ffd0341b000 	C:\WINDOWS\System32\GDI32.dll
0x00007ffd028c0000 - 0x00007ffd029cb000 	C:\WINDOWS\System32\gdi32full.dll
0x00007ffd029d0000 - 0x00007ffd02a6d000 	C:\WINDOWS\System32\msvcp_win.dll
0x00007ffd02530000 - 0x00007ffd02630000 	C:\WINDOWS\System32\ucrtbase.dll
0x00007ffcf0fb0000 - 0x00007ffcf124a000 	C:\WINDOWS\WinSxS\amd64_microsoft.windows.common-controls_6595b64144ccf1df_6.0.19041.1110_none_60b5254171f9507e\COMCTL32.dll
0x00007ffd049e0000 - 0x00007ffd04a10000 	C:\WINDOWS\System32\IMM32.DLL
0x0000000065790000 - 0x0000000065862000 	C:\Program Files\Java\jdk1.8.0_221\jre\bin\msvcr100.dll
0x0000000065870000 - 0x0000000066115000 	C:\Program Files\Java\jdk1.8.0_221\jre\bin\server\jvm.dll
0x00007ffd03f90000 - 0x00007ffd03f98000 	C:\WINDOWS\System32\PSAPI.DLL
0x00007ffcff850000 - 0x00007ffcff859000 	C:\WINDOWS\SYSTEM32\WSOCK32.dll
0x00007ffcec750000 - 0x00007ffcec777000 	C:\WINDOWS\SYSTEM32\WINMM.dll
0x00007ffd03fa0000 - 0x00007ffd0400b000 	C:\WINDOWS\System32\WS2_32.dll
0x00007ffcf9ff0000 - 0x00007ffcf9ffa000 	C:\WINDOWS\SYSTEM32\VERSION.dll
0x00007ffcff8c0000 - 0x00007ffcff8cf000 	C:\Program Files\Java\jdk1.8.0_221\jre\bin\verify.dll
0x00007ffcf4750000 - 0x00007ffcf4779000 	C:\Program Files\Java\jdk1.8.0_221\jre\bin\java.dll
0x00007ffcf4a20000 - 0x00007ffcf4a36000 	C:\Program Files\Java\jdk1.8.0_221\jre\bin\zip.dll
0x00007ffd02b00000 - 0x00007ffd0323f000 	C:\WINDOWS\System32\SHELL32.dll
0x00007ffd002d0000 - 0x00007ffd00a60000 	C:\WINDOWS\SYSTEM32\windows.storage.dll
0x00007ffd040f0000 - 0x00007ffd04445000 	C:\WINDOWS\System32\combase.dll
0x00007ffd01b50000 - 0x00007ffd01b7e000 	C:\WINDOWS\SYSTEM32\Wldp.dll
0x00007ffd04930000 - 0x00007ffd049dd000 	C:\WINDOWS\System32\SHCORE.dll
0x00007ffd03d60000 - 0x00007ffd03db5000 	C:\WINDOWS\System32\shlwapi.dll
0x00007ffd02110000 - 0x00007ffd0212f000 	C:\WINDOWS\SYSTEM32\profapi.dll
0x00007ffcf4980000 - 0x00007ffcf499a000 	C:\Program Files\Java\jdk1.8.0_221\jre\bin\net.dll
0x00007ffcf2f30000 - 0x00007ffcf311b000 	C:\WINDOWS\SYSTEM32\urlmon.dll
0x00007ffcf36c0000 - 0x00007ffcf3970000 	C:\WINDOWS\SYSTEM32\iertutil.dll
0x00007ffcf2ea0000 - 0x00007ffcf2ec8000 	C:\WINDOWS\SYSTEM32\srvcli.dll
0x00007ffd016b0000 - 0x00007ffd016bc000 	C:\WINDOWS\SYSTEM32\netutils.dll
0x00007ffd018b0000 - 0x00007ffd0191a000 	C:\WINDOWS\system32\mswsock.dll
0x00007ffcf4730000 - 0x00007ffcf4742000 	C:\Program Files\Java\jdk1.8.0_221\jre\bin\nio.dll
0x00007ffcfdc80000 - 0x00007ffcfdca4000 	C:\Program Files\Java\jdk1.8.0_221\jre\bin\sunec.dll

VM Arguments:
jvm_args: -Dclassworlds.conf=C:\Program Files\NetBeans-11.1\netbeans\java\maven\bin\m2.conf -Dmaven.home=C:\Program Files\NetBeans-11.1\netbeans\java\maven -Dmaven.multiModuleProjectDirectory=C:\Users\Panzer\Documents\Comp\8° - LPS\LPS03 
java_command: org.codehaus.plexus.classworlds.launcher.Launcher -Dexec.args=-classpath %classpath lps03.LPS03 -Dexec.executable=C:\Program Files\Java\jdk1.8.0_221\bin\java.exe -Dmaven.ext.class.path=C:\Program Files\NetBeans-11.1\netbeans\java\maven-nblib\netbeans-eventspy.jar -Dfile.encoding=UTF-8 org.codehaus.mojo:exec-maven-plugin:1.5.0:exec
java_class_path (initial): C:\Program Files\NetBeans-11.1\netbeans\java\maven\boot\plexus-classworlds-2.5.2.jar
Launcher Type: SUN_STANDARD

Environment Variables:
JAVA_HOME=C:\Program Files\Java\jdk1.8.0_221
CLASSPATH=.;C:\Program Files\Java\jdk1.8.0_221;C:\tooljava\cup;
PATH=C:\Program Files\Microsoft MPI\Bin\;C:\Windows\system32;C:\Windows;C:\Windows\System32\Wbem;C:\Windows\System32\WindowsPowerShell\v1.0\;C:\Windows\System32\OpenSSH\;C:\Users\Panzer\AppData\Local\Microsoft\WindowsApps;C:\adb;C:\WINDOWS\system32;C:\WINDOWS;C:\WINDOWS\System32\Wbem;C:\WINDOWS\System32\WindowsPowerShell\v1.0\;C:\WINDOWS\System32\OpenSSH\;C:\Program Files (x86)\Intel\Intel(R) Management Engine Components\DAL;C:\Program Files\Intel\Intel(R) Management Engine Components\DAL;C:\Program Files\nodejs\;C:\Program Files\Git\cmd;C:\Program Files\MySQL\MySQL Shell 8.0\bin\;C:\Users\Panzer\AppData\Local\Microsoft\WindowsApps;C:\MinGW\bin;C:\Users\Panzer\AppData\Roaming\npm;C:\Program Files\Java\jdk1.8.0_221\bin;C:\tooljava\jflex-1.5.0\bin;C:\Program Files\Python39;C:\Program Files\Python39\Scripts;"C:\tooljava\cup\java_cup;";
USERNAME=Panzer
OS=Windows_NT
PROCESSOR_IDENTIFIER=Intel64 Family 6 Model 78 Stepping 3, GenuineIntel



---------------  S Y S T E M  ---------------

OS: Windows 10.0 , 64 bit Build 19041 (10.0.19041.1348)

CPU:total 4 (initial active 4) (2 cores per cpu, 2 threads per core) family 6 model 78 stepping 3, cmov, cx8, fxsr, mmx, sse, sse2, sse3, ssse3, sse4.1, sse4.2, popcnt, avx, avx2, aes, clmul, erms, 3dnowpref, lzcnt, ht, tsc, tscinvbit, bmi1, bmi2, adx

Memory: 4k page, physical 8169556k(1063344k free), swap 8169556k(6176k free)

vm_info: Java HotSpot(TM) 64-Bit Server VM (25.221-b11) for windows-amd64 JRE (1.8.0_221-b11), built on Jul  4 2019 04:39:29 by "java_re" with MS VC++ 10.0 (VS2010)

time: Tue Dec 14 17:24:11 2021
timezone: Hora oficial do Brasil
elapsed time: 3 seconds (0d 0h 0m 3s)

