#
# There is insufficient memory for the Java Runtime Environment to continue.
# Native memory allocation (malloc) failed to allocate 32744 bytes for ChunkPool::allocate
# Possible reasons:
#   The system is out of physical RAM or swap space
#   The process is running with CompressedOops enabled, and the Java Heap may be blocking the growth of the native heap
# Possible solutions:
#   Reduce memory load on the system
#   Increase physical memory or swap space
#   Check if swap backing store is full
#   Decrease Java heap size (-Xmx/-Xms)
#   Decrease number of Java threads
#   Decrease Java thread stack sizes (-Xss)
#   Set larger code cache with -XX:ReservedCodeCacheSize=
#   JVM is running with Unscaled Compressed Oops mode in which the Java heap is
#     placed in the first 4GB address space. The Java Heap base address is the
#     maximum limit for the native heap growth. Please use -XX:HeapBaseMinAddress
#     to set the Java Heap base and to place the Java Heap above 4GB virtual address.
# This output file may be truncated or incomplete.
#
#  Out of Memory Error (allocation.cpp:272), pid=1168, tid=0x0000000000002138
#
# JRE version: Java(TM) SE Runtime Environment (8.0_221-b11) (build 1.8.0_221-b11)
# Java VM: Java HotSpot(TM) 64-Bit Server VM (25.221-b11 mixed mode windows-amd64 compressed oops)
# Failed to write core dump. Minidumps are not enabled by default on client versions of Windows
#

---------------  T H R E A D  ---------------

Current thread (0x0000000017367000):  JavaThread "C2 CompilerThread1" daemon [_thread_in_native, id=8504, stack(0x0000000018ad0000,0x0000000018bd0000)]

Stack: [0x0000000018ad0000,0x0000000018bd0000]
[error occurred during error reporting (printing stack bounds), id 0xc0000005]

Native frames: (J=compiled Java code, j=interpreted, Vv=VM code, C=native code)


Current CompileTask:
C2:   2567 1488       4       java.net.URLClassLoader$1::run (5 bytes)


---------------  P R O C E S S  ---------------

Java Threads: ( => current thread )
  0x00000000173be800 JavaThread "Service Thread" daemon [_thread_blocked, id=7844, stack(0x00000000190d0000,0x00000000191d0000)]
  0x000000001736f000 JavaThread "C1 CompilerThread2" daemon [_thread_blocked, id=9256, stack(0x0000000018bd0000,0x0000000018cd0000)]
=>0x0000000017367000 JavaThread "C2 CompilerThread1" daemon [_thread_in_native, id=8504, stack(0x0000000018ad0000,0x0000000018bd0000)]
  0x0000000017361800 JavaThread "C2 CompilerThread0" daemon [_thread_in_native, id=8896, stack(0x00000000189d0000,0x0000000018ad0000)]
  0x000000001735f800 JavaThread "Attach Listener" daemon [_thread_blocked, id=9404, stack(0x00000000188d0000,0x00000000189d0000)]
  0x000000001735e800 JavaThread "Signal Dispatcher" daemon [_thread_blocked, id=14576, stack(0x00000000187d0000,0x00000000188d0000)]
  0x000000000291d800 JavaThread "Finalizer" daemon [_thread_blocked, id=12592, stack(0x00000000185c0000,0x00000000186c0000)]
  0x000000001734a800 JavaThread "Reference Handler" daemon [_thread_blocked, id=6656, stack(0x00000000184c0000,0x00000000185c0000)]
  0x0000000002822800 JavaThread "main" [_thread_in_native, id=5192, stack(0x0000000002720000,0x0000000002820000)]

Other Threads:
  0x0000000017328000 VMThread [stack: 0x00000000183c0000,0x00000000184c0000] [id=7576]
  0x0000000018d2e000 WatcherThread [stack: 0x0000000019330000,0x0000000019430000] [id=12716]

VM state:not at safepoint (normal execution)

VM Mutex/Monitor currently owned by a thread: None

heap address: 0x0000000083400000, size: 1996 MB, Compressed Oops mode: 32-bit
Narrow klass base: 0x0000000000000000, Narrow klass shift: 3
Compressed class space size: 1073741824 Address: 0x0000000100000000

Heap:
 PSYoungGen      total 37888K, used 25855K [0x00000000d6700000, 0x00000000db100000, 0x0000000100000000)
  eden space 32768K, 63% used [0x00000000d6700000,0x00000000d7b436d8,0x00000000d8700000)
  from space 5120K, 99% used [0x00000000d8c00000,0x00000000d90fc8f0,0x00000000d9100000)
  to   space 5120K, 0% used [0x00000000d8700000,0x00000000d8700000,0x00000000d8c00000)
 ParOldGen       total 86016K, used 2306K [0x0000000083400000, 0x0000000088800000, 0x00000000d6700000)
  object space 86016K, 2% used [0x0000000083400000,0x0000000083640880,0x0000000088800000)
 Metaspace       used 14831K, capacity 15160K, committed 15360K, reserved 1062912K
  class space    used 1843K, capacity 1947K, committed 2048K, reserved 1048576K

Card table byte_map: [0x0000000011ce0000,0x00000000120d0000] byte_map_base: 0x00000000118c6000

Marking Bits: (ParMarkBitMap*) 0x0000000066095ce0
 Begin Bits: [0x0000000012770000, 0x00000000146a0000)
 End Bits:   [0x00000000146a0000, 0x00000000165d0000)

Polling page: 0x0000000002560000

CodeCache: size=245760Kb used=5790Kb max_used=5790Kb free=239969Kb
 bounds [0x0000000002920000, 0x0000000002ed0000, 0x0000000011920000]
 total_blobs=2046 nmethods=1704 adapters=254
 compilation: enabled

Compilation events (10 events):
Event: 2.537 Thread 0x000000001736f000 1709       3       org.codehaus.plexus.interpolation.MapBasedValueSource::getValue (22 bytes)
Event: 2.538 Thread 0x000000001736f000 nmethod 1709 0x0000000002ec8b50 code [0x0000000002ec8cc0, 0x0000000002ec8f48]
Event: 2.543 Thread 0x000000001736f000 1711       3       org.apache.maven.model.merge.MavenModelMerger::getPluginKey (5 bytes)
Event: 2.544 Thread 0x000000001736f000 nmethod 1711 0x0000000002ec9010 code [0x0000000002ec9200, 0x0000000002ec9b98]
Event: 2.544 Thread 0x000000001736f000 1712       1       org.apache.maven.model.building.DefaultModelBuildingRequest::getValidationLevel (5 bytes)
Event: 2.544 Thread 0x000000001736f000 nmethod 1712 0x0000000002eca110 code [0x0000000002eca260, 0x0000000002eca370]
Event: 2.545 Thread 0x000000001736f000 1713       3       org.eclipse.aether.artifact.DefaultArtifact::emptify (11 bytes)
Event: 2.545 Thread 0x000000001736f000 nmethod 1713 0x0000000002eca3d0 code [0x0000000002eca520, 0x0000000002eca6b0]
Event: 2.556 Thread 0x000000001736f000 1714       3       java.io.BufferedReader::readLine (6 bytes)
Event: 2.556 Thread 0x000000001736f000 nmethod 1714 0x0000000002eca750 code [0x0000000002eca8c0, 0x0000000002ecaa68]

GC Heap History (4 events):
Event: 1.143 GC heap before
{Heap before GC invocations=1 (full 0):
 PSYoungGen      total 37888K, used 32768K [0x00000000d6700000, 0x00000000d9100000, 0x0000000100000000)
  eden space 32768K, 100% used [0x00000000d6700000,0x00000000d8700000,0x00000000d8700000)
  from space 5120K, 0% used [0x00000000d8c00000,0x00000000d8c00000,0x00000000d9100000)
  to   space 5120K, 0% used [0x00000000d8700000,0x00000000d8700000,0x00000000d8c00000)
 ParOldGen       total 86016K, used 0K [0x0000000083400000, 0x0000000088800000, 0x00000000d6700000)
  object space 86016K, 0% used [0x0000000083400000,0x0000000083400000,0x0000000088800000)
 Metaspace       used 7924K, capacity 8136K, committed 8320K, reserved 1056768K
  class space    used 993K, capacity 1052K, committed 1152K, reserved 1048576K
Event: 1.150 GC heap after
Heap after GC invocations=1 (full 0):
 PSYoungGen      total 37888K, used 4867K [0x00000000d6700000, 0x00000000d9100000, 0x0000000100000000)
  eden space 32768K, 0% used [0x00000000d6700000,0x00000000d6700000,0x00000000d8700000)
  from space 5120K, 95% used [0x00000000d8700000,0x00000000d8bc0ed8,0x00000000d8c00000)
  to   space 5120K, 0% used [0x00000000d8c00000,0x00000000d8c00000,0x00000000d9100000)
 ParOldGen       total 86016K, used 16K [0x0000000083400000, 0x0000000088800000, 0x00000000d6700000)
  object space 86016K, 0% used [0x0000000083400000,0x0000000083404000,0x0000000088800000)
 Metaspace       used 7924K, capacity 8136K, committed 8320K, reserved 1056768K
  class space    used 993K, capacity 1052K, committed 1152K, reserved 1048576K
}
Event: 1.766 GC heap before
{Heap before GC invocations=2 (full 0):
 PSYoungGen      total 37888K, used 37635K [0x00000000d6700000, 0x00000000d9100000, 0x0000000100000000)
  eden space 32768K, 100% used [0x00000000d6700000,0x00000000d8700000,0x00000000d8700000)
  from space 5120K, 95% used [0x00000000d8700000,0x00000000d8bc0ed8,0x00000000d8c00000)
  to   space 5120K, 0% used [0x00000000d8c00000,0x00000000d8c00000,0x00000000d9100000)
 ParOldGen       total 86016K, used 16K [0x0000000083400000, 0x0000000088800000, 0x00000000d6700000)
  object space 86016K, 0% used [0x0000000083400000,0x0000000083404000,0x0000000088800000)
 Metaspace       used 11926K, capacity 12136K, committed 12416K, reserved 1060864K
  class space    used 1523K, capacity 1611K, committed 1664K, reserved 1048576K
Event: 1.783 GC heap after
Heap after GC invocations=2 (full 0):
 PSYoungGen      total 37888K, used 5106K [0x00000000d6700000, 0x00000000db100000, 0x0000000100000000)
  eden space 32768K, 0% used [0x00000000d6700000,0x00000000d6700000,0x00000000d8700000)
  from space 5120K, 99% used [0x00000000d8c00000,0x00000000d90fc8f0,0x00000000d9100000)
  to   space 5120K, 0% used [0x00000000d8700000,0x00000000d8700000,0x00000000d8c00000)
 ParOldGen       total 86016K, used 2306K [0x0000000083400000, 0x0000000088800000, 0x00000000d6700000)
  object space 86016K, 2% used [0x0000000083400000,0x0000000083640880,0x0000000088800000)
 Metaspace       used 11926K, capacity 12136K, committed 12416K, reserved 1060864K
  class space    used 1523K, capacity 1611K, committed 1664K, reserved 1048576K
}

Deoptimization events (10 events):
Event: 1.796 Thread 0x0000000002822800 Uncommon trap: reason=unstable_if action=reinterpret pc=0x0000000002c6e834 method=java.util.concurrent.ConcurrentHashMap.putVal(Ljava/lang/Object;Ljava/lang/Object;Z)Ljava/lang/Object; @ 206
Event: 2.004 Thread 0x0000000002822800 Uncommon trap: reason=null_check action=make_not_entrant pc=0x0000000002ae02d4 method=java.lang.String.equals(Ljava/lang/Object;)Z @ 8
Event: 2.023 Thread 0x0000000002822800 Uncommon trap: reason=unstable_if action=reinterpret pc=0x0000000002c0f2a8 method=org.codehaus.plexus.util.xml.pull.MXParser.parseStartTag()I @ 443
Event: 2.177 Thread 0x0000000002822800 Uncommon trap: reason=unstable_if action=reinterpret pc=0x0000000002ae6b54 method=java.lang.String.replace(CC)Ljava/lang/String; @ 2
Event: 2.298 Thread 0x0000000002822800 Uncommon trap: reason=unstable_if action=reinterpret pc=0x0000000002bb08c4 method=sun.nio.cs.UTF_8$Decoder.decode([BII[C)I @ 30
Event: 2.299 Thread 0x0000000002822800 Uncommon trap: reason=unstable_if action=reinterpret pc=0x0000000002ba6cf8 method=sun.nio.cs.UTF_8$Decoder.decodeArrayLoop(Ljava/nio/ByteBuffer;Ljava/nio/CharBuffer;)Ljava/nio/charset/CoderResult; @ 84
Event: 2.373 Thread 0x0000000002822800 Uncommon trap: reason=unstable_if action=reinterpret pc=0x0000000002bd0f3c method=java.util.HashMap.hash(Ljava/lang/Object;)I @ 1
Event: 2.374 Thread 0x0000000002822800 Uncommon trap: reason=unstable_if action=reinterpret pc=0x0000000002c94528 method=java.util.HashMap.hash(Ljava/lang/Object;)I @ 1
Event: 2.375 Thread 0x0000000002822800 Uncommon trap: reason=unstable_if action=reinterpret pc=0x0000000002c5fbe0 method=java.util.HashMap.hash(Ljava/lang/Object;)I @ 1
Event: 2.464 Thread 0x0000000002822800 Uncommon trap: reason=unstable_if action=reinterpret pc=0x0000000002b65d84 method=java.util.HashMap.getNode(ILjava/lang/Object;)Ljava/util/HashMap$Node; @ 53

Classes redefined (0 events):
No events

Internal exceptions (10 events):
Event: 2.004 Thread 0x0000000002822800 Implicit null exception at 0x0000000002ae011b to 0x0000000002ae02c5
Event: 2.071 Thread 0x0000000002822800 Exception <a 'java/lang/NullPointerException'> (0x00000000d7130ec0) thrown at [C:\re\workspace\8-2-build-windows-amd64-cygwin\jdk8u221\13320\hotspot\src\share\vm\interpreter\linkResolver.cpp, line 1185]
Event: 2.071 Thread 0x0000000002822800 Exception <a 'java/lang/NullPointerException'> (0x00000000d71310d8) thrown at [C:\re\workspace\8-2-build-windows-amd64-cygwin\jdk8u221\13320\hotspot\src\share\vm\interpreter\linkResolver.cpp, line 1185]
Event: 2.071 Thread 0x0000000002822800 Exception <a 'java/lang/NullPointerException'> (0x00000000d71312f0) thrown at [C:\re\workspace\8-2-build-windows-amd64-cygwin\jdk8u221\13320\hotspot\src\share\vm\interpreter\linkResolver.cpp, line 1185]
Event: 2.073 Thread 0x0000000002822800 Exception <a 'java/lang/NullPointerException'> (0x00000000d7142b48) thrown at [C:\re\workspace\8-2-build-windows-amd64-cygwin\jdk8u221\13320\hotspot\src\share\vm\interpreter\linkResolver.cpp, line 1185]
Event: 2.073 Thread 0x0000000002822800 Exception <a 'java/lang/NullPointerException'> (0x00000000d7142d60) thrown at [C:\re\workspace\8-2-build-windows-amd64-cygwin\jdk8u221\13320\hotspot\src\share\vm\interpreter\linkResolver.cpp, line 1185]
Event: 2.073 Thread 0x0000000002822800 Exception <a 'java/lang/NullPointerException'> (0x00000000d7142f78) thrown at [C:\re\workspace\8-2-build-windows-amd64-cygwin\jdk8u221\13320\hotspot\src\share\vm\interpreter\linkResolver.cpp, line 1185]
Event: 2.373 Thread 0x0000000002822800 Implicit null exception at 0x0000000002bd0d55 to 0x0000000002bd0f2d
Event: 2.373 Thread 0x0000000002822800 Implicit null exception at 0x0000000002c944af to 0x0000000002c94519
Event: 2.375 Thread 0x0000000002822800 Implicit null exception at 0x0000000002c5f5fb to 0x0000000002c5fbc5

Events (10 events):
Event: 2.479 loading class org/apache/maven/plugin/descriptor/PluginDescriptor
Event: 2.479 loading class org/apache/maven/plugin/descriptor/PluginDescriptor done
Event: 2.481 loading class org/apache/maven/plugin/DefaultPluginRealmCache$CacheKey
Event: 2.481 loading class org/apache/maven/plugin/DefaultPluginRealmCache$CacheKey done
Event: 2.483 loading class org/apache/maven/plugin/internal/PlexusUtilsInjector
Event: 2.483 loading class org/apache/maven/plugin/internal/PlexusUtilsInjector done
Event: 2.484 loading class org/apache/maven/plugin/internal/WagonExcluder
Event: 2.484 loading class org/apache/maven/plugin/internal/WagonExcluder done
Event: 2.555 Thread 0x0000000002822800 DEOPT PACKING pc=0x0000000002e8981a sp=0x000000000281ce80
Event: 2.555 Thread 0x0000000002822800 DEOPT UNPACKING pc=0x0000000002967890 sp=0x000000000281cd00 mode 0


Dynamic libraries:
0x00007ff73f710000 - 0x00007ff73f747000 	C:\Program Files\Java\jdk1.8.0_221\bin\java.exe
0x00007ffd04ab0000 - 0x00007ffd04ca5000 	C:\WINDOWS\SYSTEM32\ntdll.dll
0x00007ffd039c0000 - 0x00007ffd03a7e000 	C:\WINDOWS\System32\KERNEL32.DLL
0x00007ffd02260000 - 0x00007ffd02528000 	C:\WINDOWS\System32\KERNELBASE.dll
0x00007ffd03910000 - 0x00007ffd039bc000 	C:\WINDOWS\System32\ADVAPI32.dll
0x00007ffd03ef0000 - 0x00007ffd03f8e000 	C:\WINDOWS\System32\msvcrt.dll
0x00007ffd036b0000 - 0x00007ffd0374b000 	C:\WINDOWS\System32\sechost.dll
0x00007ffd03c30000 - 0x00007ffd03d5a000 	C:\WINDOWS\System32\RPCRT4.dll
0x00007ffd03a80000 - 0x00007ffd03c21000 	C:\WINDOWS\System32\USER32.dll
0x00007ffd02230000 - 0x00007ffd02252000 	C:\WINDOWS\System32\win32u.dll
0x00007ffd033f0000 - 0x00007ffd0341b000 	C:\WINDOWS\System32\GDI32.dll
0x00007ffd028c0000 - 0x00007ffd029cb000 	C:\WINDOWS\System32\gdi32full.dll
0x00007ffd029d0000 - 0x00007ffd02a6d000 	C:\WINDOWS\System32\msvcp_win.dll
0x00007ffd02530000 - 0x00007ffd02630000 	C:\WINDOWS\System32\ucrtbase.dll
0x00007ffcf0fb0000 - 0x00007ffcf124a000 	C:\WINDOWS\WinSxS\amd64_microsoft.windows.common-controls_6595b64144ccf1df_6.0.19041.1110_none_60b5254171f9507e\COMCTL32.dll
0x00007ffd049e0000 - 0x00007ffd04a10000 	C:\WINDOWS\System32\IMM32.DLL
0x0000000065790000 - 0x0000000065862000 	C:\Program Files\Java\jdk1.8.0_221\jre\bin\msvcr100.dll
0x0000000065870000 - 0x0000000066115000 	C:\Program Files\Java\jdk1.8.0_221\jre\bin\server\jvm.dll
0x00007ffd03f90000 - 0x00007ffd03f98000 	C:\WINDOWS\System32\PSAPI.DLL
0x00007ffcf9ff0000 - 0x00007ffcf9ffa000 	C:\WINDOWS\SYSTEM32\VERSION.dll
0x00007ffcec750000 - 0x00007ffcec777000 	C:\WINDOWS\SYSTEM32\WINMM.dll
0x00007ffcff850000 - 0x00007ffcff859000 	C:\WINDOWS\SYSTEM32\WSOCK32.dll
0x00007ffd03fa0000 - 0x00007ffd0400b000 	C:\WINDOWS\System32\WS2_32.dll
0x00007ffcfb010000 - 0x00007ffcfb01f000 	C:\Program Files\Java\jdk1.8.0_221\jre\bin\verify.dll
0x00007ffcf49b0000 - 0x00007ffcf49d9000 	C:\Program Files\Java\jdk1.8.0_221\jre\bin\java.dll
0x00007ffcf4950000 - 0x00007ffcf4966000 	C:\Program Files\Java\jdk1.8.0_221\jre\bin\zip.dll
0x00007ffd02b00000 - 0x00007ffd0323f000 	C:\WINDOWS\System32\SHELL32.dll
0x00007ffd002d0000 - 0x00007ffd00a60000 	C:\WINDOWS\SYSTEM32\windows.storage.dll
0x00007ffd040f0000 - 0x00007ffd04445000 	C:\WINDOWS\System32\combase.dll
0x00007ffd01b50000 - 0x00007ffd01b7e000 	C:\WINDOWS\SYSTEM32\Wldp.dll
0x00007ffd04930000 - 0x00007ffd049dd000 	C:\WINDOWS\System32\SHCORE.dll
0x00007ffd03d60000 - 0x00007ffd03db5000 	C:\WINDOWS\System32\shlwapi.dll
0x00007ffd02110000 - 0x00007ffd0212f000 	C:\WINDOWS\SYSTEM32\profapi.dll
0x00007ffcf4930000 - 0x00007ffcf494a000 	C:\Program Files\Java\jdk1.8.0_221\jre\bin\net.dll
0x00007ffcf2f30000 - 0x00007ffcf311b000 	C:\WINDOWS\SYSTEM32\urlmon.dll
0x00007ffcf2ea0000 - 0x00007ffcf2ec8000 	C:\WINDOWS\SYSTEM32\srvcli.dll
0x00007ffcf36c0000 - 0x00007ffcf3970000 	C:\WINDOWS\SYSTEM32\iertutil.dll
0x00007ffd016b0000 - 0x00007ffd016bc000 	C:\WINDOWS\SYSTEM32\netutils.dll
0x00007ffd018b0000 - 0x00007ffd0191a000 	C:\WINDOWS\system32\mswsock.dll
0x00007ffcf4910000 - 0x00007ffcf4922000 	C:\Program Files\Java\jdk1.8.0_221\jre\bin\nio.dll

VM Arguments:
jvm_args: -Dclassworlds.conf=C:\Program Files\NetBeans-11.1\netbeans\java\maven\bin\m2.conf -Dmaven.home=C:\Program Files\NetBeans-11.1\netbeans\java\maven -Dmaven.multiModuleProjectDirectory=C:\Users\Panzer\Documents\Comp\8° - LPS\LPS03 
java_command: org.codehaus.plexus.classworlds.launcher.Launcher -Dexec.args=-classpath %classpath lps03.LPS03 -Dexec.executable=C:\Program Files\Java\jdk1.8.0_221\bin\java.exe -Dmaven.ext.class.path=C:\Program Files\NetBeans-11.1\netbeans\java\maven-nblib\netbeans-eventspy.jar -Dfile.encoding=UTF-8 org.codehaus.mojo:exec-maven-plugin:1.5.0:exec
java_class_path (initial): C:\Program Files\NetBeans-11.1\netbeans\java\maven\boot\plexus-classworlds-2.5.2.jar
Launcher Type: SUN_STANDARD

Environment Variables:
JAVA_HOME=C:\Program Files\Java\jdk1.8.0_221
CLASSPATH=.;C:\Program Files\Java\jdk1.8.0_221;C:\tooljava\cup;
PATH=C:\Program Files\Microsoft MPI\Bin\;C:\Windows\system32;C:\Windows;C:\Windows\System32\Wbem;C:\Windows\System32\WindowsPowerShell\v1.0\;C:\Windows\System32\OpenSSH\;C:\Users\Panzer\AppData\Local\Microsoft\WindowsApps;C:\adb;C:\WINDOWS\system32;C:\WINDOWS;C:\WINDOWS\System32\Wbem;C:\WINDOWS\System32\WindowsPowerShell\v1.0\;C:\WINDOWS\System32\OpenSSH\;C:\Program Files (x86)\Intel\Intel(R) Management Engine Components\DAL;C:\Program Files\Intel\Intel(R) Management Engine Components\DAL;C:\Program Files\nodejs\;C:\Program Files\Git\cmd;C:\Program Files\MySQL\MySQL Shell 8.0\bin\;C:\Users\Panzer\AppData\Local\Microsoft\WindowsApps;C:\MinGW\bin;C:\Users\Panzer\AppData\Roaming\npm;C:\Program Files\Java\jdk1.8.0_221\bin;C:\tooljava\jflex-1.5.0\bin;C:\Program Files\Python39;C:\Program Files\Python39\Scripts;"C:\tooljava\cup\java_cup;";
USERNAME=Panzer
OS=Windows_NT
PROCESSOR_IDENTIFIER=Intel64 Family 6 Model 78 Stepping 3, GenuineIntel



---------------  S Y S T E M  ---------------

OS: Windows 10.0 , 64 bit Build 19041 (10.0.19041.1348)

CPU:total 4 (initial active 4) (2 cores per cpu, 2 threads per core) family 6 model 78 stepping 3, cmov, cx8, fxsr, mmx, sse, sse2, sse3, ssse3, sse4.1, sse4.2, popcnt, avx, avx2, aes, clmul, erms, 3dnowpref, lzcnt, ht, tsc, tscinvbit, bmi1, bmi2, adx

Memory: 4k page, physical 8169556k(845168k free), swap 8169556k(4108k free)

vm_info: Java HotSpot(TM) 64-Bit Server VM (25.221-b11) for windows-amd64 JRE (1.8.0_221-b11), built on Jul  4 2019 04:39:29 by "java_re" with MS VC++ 10.0 (VS2010)

time: Tue Dec 14 12:06:44 2021
timezone: Hora oficial do Brasil
elapsed time: 2 seconds (0d 0h 0m 2s)

